
-----
Test: tests/buy_product_test.py::TestBuyProduct::test_buy_product (call)
Start time: 2024-09-14 23:33:14.573868
Start name method: authorisation

End time: 2024-09-14 23:33:16.300663
End name method: authorisation
URL: https://www.saucedemo.com/inventory.html

-----

-----
Test: tests/buy_product_test.py::TestBuyProduct::test_buy_product (call)
Start time: 2024-09-14 23:33:16.301191
Start name method: select_product_and_go_to_the_shopping_cart_and_check_out_product

End time: 2024-09-14 23:33:16.530103
End name method: select_product_and_go_to_the_shopping_cart_and_check_out_product
URL: https://www.saucedemo.com/cart.html

-----

-----
Test: tests/buy_product_test.py::TestBuyProduct::test_buy_product (call)
Start time: 2024-09-14 23:33:16.531097
Start name method: product_confirmation

End time: 2024-09-14 23:33:16.655930
End name method: product_confirmation
URL: https://www.saucedemo.com/checkout-step-one.html

-----

-----
Test: tests/buy_product_test.py::TestBuyProduct::test_buy_product (call)
Start time: 2024-09-14 23:33:16.656922
Start name method: fill_customer_information

End time: 2024-09-14 23:33:17.146573
End name method: fill_customer_information
URL: https://www.saucedemo.com/checkout-step-two.html

-----

-----
Test: tests/buy_product_test.py::TestBuyProduct::test_buy_product (call)
Start time: 2024-09-14 23:33:17.277190
Start name method: complete_order

End time: 2024-09-14 23:33:17.509055
End name method: complete_order
URL: https://www.saucedemo.com/checkout-complete.html

-----
